This file contains any messages produced by compilers while
running configure, to aid debugging if configure makes a mistake.

It was created by ply configure 0.1, which was
generated by GNU Autoconf 2.60.  Invocation command line was

  $ ./configure 

## --------- ##
## Platform. ##
## --------- ##

hostname = ekin-Ubuntu
uname -m = x86_64
uname -r = 3.0.0-12-generic
uname -s = Linux
uname -v = #20-Ubuntu SMP Fri Oct 7 14:56:25 UTC 2011

/usr/bin/uname -p = unknown
/bin/uname -X     = unknown

/bin/arch              = unknown
/usr/bin/arch -k       = unknown
/usr/convex/getsysinfo = unknown
/usr/bin/hostinfo      = unknown
/bin/machine           = unknown
/usr/bin/oslevel       = unknown
/bin/universe          = unknown

PATH: /usr/lib/lightdm/lightdm
PATH: /usr/local/sbin
PATH: /usr/local/bin
PATH: /usr/sbin
PATH: /usr/bin
PATH: /sbin
PATH: /bin
PATH: /usr/games


## ----------- ##
## Core tests. ##
## ----------- ##

configure:1973: checking for a BSD-compatible install
configure:2029: result: /usr/bin/install -c
configure:2040: checking whether build environment is sane
configure:2083: result: yes
configure:2148: checking for gawk
configure:2178: result: no
configure:2148: checking for mawk
configure:2164: found /usr/bin/mawk
configure:2175: result: mawk
configure:2186: checking whether make sets $(MAKE)
configure:2207: result: yes
configure:2391: checking whether build environment is sane
configure:2434: result: yes
configure:2502: checking for g++
configure:2518: found /usr/bin/g++
configure:2529: result: g++
configure:2560: checking for C++ compiler version
configure:2567: g++ --version >&5
g++ (Ubuntu/Linaro 4.6.1-9ubuntu3) 4.6.1
Copyright (C) 2011 Free Software Foundation, Inc.
This is free software; see the source for copying conditions.  There is NO
warranty; not even for MERCHANTABILITY or FITNESS FOR A PARTICULAR PURPOSE.

configure:2570: $? = 0
configure:2577: g++ -v >&5
Using built-in specs.
COLLECT_GCC=g++
COLLECT_LTO_WRAPPER=/usr/lib/gcc/x86_64-linux-gnu/4.6.1/lto-wrapper
Target: x86_64-linux-gnu
Configured with: ../src/configure -v --with-pkgversion='Ubuntu/Linaro 4.6.1-9ubuntu3' --with-bugurl=file:///usr/share/doc/gcc-4.6/README.Bugs --enable-languages=c,c++,fortran,objc,obj-c++,go --prefix=/usr --program-suffix=-4.6 --enable-shared --enable-linker-build-id --with-system-zlib --libexecdir=/usr/lib --without-included-gettext --enable-threads=posix --with-gxx-include-dir=/usr/include/c++/4.6 --libdir=/usr/lib --enable-nls --with-sysroot=/ --enable-clocale=gnu --enable-libstdcxx-debug --enable-libstdcxx-time=yes --enable-plugin --enable-objc-gc --disable-werror --with-arch-32=i686 --with-tune=generic --enable-checking=release --build=x86_64-linux-gnu --host=x86_64-linux-gnu --target=x86_64-linux-gnu
Thread model: posix
gcc version 4.6.1 (Ubuntu/Linaro 4.6.1-9ubuntu3) 
configure:2580: $? = 0
configure:2587: g++ -V >&5
g++: error: unrecognized option '-V'
g++: fatal error: no input files
compilation terminated.
configure:2590: $? = 4
configure:2613: checking for C++ compiler default output file name
configure:2640: g++    conftest.cpp  >&5
configure:2643: $? = 0
configure:2689: result: a.out
configure:2694: checking whether the C++ compiler works
configure:2704: ./a.out
configure:2707: $? = 0
configure:2724: result: yes
configure:2731: checking whether we are cross compiling
configure:2733: result: no
configure:2736: checking for suffix of executables
configure:2743: g++ -o conftest    conftest.cpp  >&5
configure:2746: $? = 0
configure:2770: result: 
configure:2776: checking for suffix of object files
configure:2802: g++ -c   conftest.cpp >&5
configure:2805: $? = 0
configure:2828: result: o
configure:2832: checking whether we are using the GNU C++ compiler
configure:2861: g++ -c   conftest.cpp >&5
configure:2867: $? = 0
configure:2874: test -z "$ac_cxx_werror_flag" || test ! -s conftest.err
configure:2877: $? = 0
configure:2884: test -s conftest.o
configure:2887: $? = 0
configure:2901: result: yes
configure:2906: checking whether g++ accepts -g
configure:2936: g++ -c -g  conftest.cpp >&5
configure:2942: $? = 0
configure:2949: test -z "$ac_cxx_werror_flag" || test ! -s conftest.err
configure:2952: $? = 0
configure:2959: test -s conftest.o
configure:2962: $? = 0
configure:3092: result: yes
configure:3126: checking for style of include used by make
configure:3154: result: GNU
configure:3182: checking dependency style of g++
configure:3272: result: gcc3
configure:3337: checking for gcc
configure:3353: found /usr/bin/gcc
configure:3364: result: gcc
configure:3602: checking for C compiler version
configure:3609: gcc --version >&5
gcc (Ubuntu/Linaro 4.6.1-9ubuntu3) 4.6.1
Copyright (C) 2011 Free Software Foundation, Inc.
This is free software; see the source for copying conditions.  There is NO
warranty; not even for MERCHANTABILITY or FITNESS FOR A PARTICULAR PURPOSE.

configure:3612: $? = 0
configure:3619: gcc -v >&5
Using built-in specs.
COLLECT_GCC=gcc
COLLECT_LTO_WRAPPER=/usr/lib/gcc/x86_64-linux-gnu/4.6.1/lto-wrapper
Target: x86_64-linux-gnu
Configured with: ../src/configure -v --with-pkgversion='Ubuntu/Linaro 4.6.1-9ubuntu3' --with-bugurl=file:///usr/share/doc/gcc-4.6/README.Bugs --enable-languages=c,c++,fortran,objc,obj-c++,go --prefix=/usr --program-suffix=-4.6 --enable-shared --enable-linker-build-id --with-system-zlib --libexecdir=/usr/lib --without-included-gettext --enable-threads=posix --with-gxx-include-dir=/usr/include/c++/4.6 --libdir=/usr/lib --enable-nls --with-sysroot=/ --enable-clocale=gnu --enable-libstdcxx-debug --enable-libstdcxx-time=yes --enable-plugin --enable-objc-gc --disable-werror --with-arch-32=i686 --with-tune=generic --enable-checking=release --build=x86_64-linux-gnu --host=x86_64-linux-gnu --target=x86_64-linux-gnu
Thread model: posix
gcc version 4.6.1 (Ubuntu/Linaro 4.6.1-9ubuntu3) 
configure:3622: $? = 0
configure:3629: gcc -V >&5
gcc: error: unrecognized option '-V'
gcc: fatal error: no input files
compilation terminated.
configure:3632: $? = 4
configure:3635: checking whether we are using the GNU C compiler
configure:3664: gcc -c   conftest.c >&5
configure:3670: $? = 0
configure:3677: test -z "$ac_c_werror_flag" || test ! -s conftest.err
configure:3680: $? = 0
configure:3687: test -s conftest.o
configure:3690: $? = 0
configure:3704: result: yes
configure:3709: checking whether gcc accepts -g
configure:3739: gcc -c -g  conftest.c >&5
configure:3745: $? = 0
configure:3752: test -z "$ac_c_werror_flag" || test ! -s conftest.err
configure:3755: $? = 0
configure:3762: test -s conftest.o
configure:3765: $? = 0
configure:3895: result: yes
configure:3912: checking for gcc option to accept ISO C89
configure:3986: gcc  -c -g -O2  conftest.c >&5
configure:3992: $? = 0
configure:3999: test -z "$ac_c_werror_flag" || test ! -s conftest.err
configure:4002: $? = 0
configure:4009: test -s conftest.o
configure:4012: $? = 0
configure:4032: result: none needed
configure:4052: checking dependency style of gcc
configure:4142: result: gcc3
configure:4164: checking how to run the C preprocessor
configure:4204: gcc -E  conftest.c
configure:4210: $? = 0
configure:4248: gcc -E  conftest.c
conftest.c:11:28: fatal error: ac_nonexistent.h: No such file or directory
compilation terminated.
configure:4254: $? = 1
configure: failed program was:
| /* confdefs.h.  */
| #define PACKAGE_NAME "ply"
| #define PACKAGE_TARNAME "ply"
| #define PACKAGE_VERSION "0.1"
| #define PACKAGE_STRING "ply 0.1"
| #define PACKAGE_BUGREPORT "ares.lagae@cs.kuleuven.be"
| #define PACKAGE_AUTHOR "Ares Lagae"
| #define PACKAGE "ply"
| #define VERSION "0.1"
| /* end confdefs.h.  */
| #include <ac_nonexistent.h>
configure:4294: result: gcc -E
configure:4323: gcc -E  conftest.c
configure:4329: $? = 0
configure:4367: gcc -E  conftest.c
conftest.c:11:28: fatal error: ac_nonexistent.h: No such file or directory
compilation terminated.
configure:4373: $? = 1
configure: failed program was:
| /* confdefs.h.  */
| #define PACKAGE_NAME "ply"
| #define PACKAGE_TARNAME "ply"
| #define PACKAGE_VERSION "0.1"
| #define PACKAGE_STRING "ply 0.1"
| #define PACKAGE_BUGREPORT "ares.lagae@cs.kuleuven.be"
| #define PACKAGE_AUTHOR "Ares Lagae"
| #define PACKAGE "ply"
| #define VERSION "0.1"
| /* end confdefs.h.  */
| #include <ac_nonexistent.h>
configure:4430: checking for a BSD-compatible install
configure:4486: result: /usr/bin/install -c
configure:4575: checking build system type
configure:4593: result: x86_64-unknown-linux-gnu
configure:4615: checking host system type
configure:4630: result: x86_64-unknown-linux-gnu
configure:4652: checking for a sed that does not truncate output
configure:4706: result: /bin/sed
configure:4709: checking for grep that handles long lines and -e
configure:4783: result: /bin/grep
configure:4788: checking for egrep
configure:4866: result: /bin/grep -E
configure:4882: checking for ld used by gcc
configure:4949: result: /usr/bin/ld
configure:4958: checking if the linker (/usr/bin/ld) is GNU ld
configure:4973: result: yes
configure:4978: checking for /usr/bin/ld option to reload object files
configure:4985: result: -r
configure:5003: checking for BSD-compatible nm
configure:5052: result: /usr/bin/nm -B
configure:5056: checking whether ln -s works
configure:5060: result: yes
configure:5067: checking how to recognise dependent libraries
configure:5243: result: pass_all
configure:5331: g++ -c -g -O2  conftest.cpp >&5
configure:5334: $? = 0
configure:5489: checking for ANSI C header files
configure:5519: g++ -c -g -O2  conftest.cpp >&5
configure:5525: $? = 0
configure:5532: test -z "$ac_c_werror_flag" || test ! -s conftest.err
configure:5535: $? = 0
configure:5542: test -s conftest.o
configure:5545: $? = 0
./configure: line 5568: conftest.cpp: command not found
configure:5670: result: no
configure:5694: checking for sys/types.h
configure:5715: g++ -c -g -O2  conftest.cpp >&5
configure:5721: $? = 0
configure:5728: test -z "$ac_c_werror_flag" || test ! -s conftest.err
configure:5731: $? = 0
configure:5738: test -s conftest.o
configure:5741: $? = 0
configure:5754: result: yes
configure:5694: checking for sys/stat.h
configure:5715: g++ -c -g -O2  conftest.cpp >&5
configure:5721: $? = 0
configure:5728: test -z "$ac_c_werror_flag" || test ! -s conftest.err
configure:5731: $? = 0
configure:5738: test -s conftest.o
configure:5741: $? = 0
configure:5754: result: yes
configure:5694: checking for stdlib.h
configure:5715: g++ -c -g -O2  conftest.cpp >&5
configure:5721: $? = 0
configure:5728: test -z "$ac_c_werror_flag" || test ! -s conftest.err
configure:5731: $? = 0
configure:5738: test -s conftest.o
configure:5741: $? = 0
configure:5754: result: yes
configure:5694: checking for string.h
configure:5715: g++ -c -g -O2  conftest.cpp >&5
configure:5721: $? = 0
configure:5728: test -z "$ac_c_werror_flag" || test ! -s conftest.err
configure:5731: $? = 0
configure:5738: test -s conftest.o
configure:5741: $? = 0
configure:5754: result: yes
configure:5694: checking for memory.h
configure:5715: g++ -c -g -O2  conftest.cpp >&5
configure:5721: $? = 0
configure:5728: test -z "$ac_c_werror_flag" || test ! -s conftest.err
configure:5731: $? = 0
configure:5738: test -s conftest.o
configure:5741: $? = 0
configure:5754: result: yes
configure:5694: checking for strings.h
configure:5715: g++ -c -g -O2  conftest.cpp >&5
configure:5721: $? = 0
configure:5728: test -z "$ac_c_werror_flag" || test ! -s conftest.err
configure:5731: $? = 0
configure:5738: test -s conftest.o
configure:5741: $? = 0
configure:5754: result: yes
configure:5694: checking for inttypes.h
configure:5715: g++ -c -g -O2  conftest.cpp >&5
configure:5721: $? = 0
configure:5728: test -z "$ac_c_werror_flag" || test ! -s conftest.err
configure:5731: $? = 0
configure:5738: test -s conftest.o
configure:5741: $? = 0
configure:5754: result: yes
configure:5694: checking for stdint.h
configure:5715: g++ -c -g -O2  conftest.cpp >&5
configure:5721: $? = 0
configure:5728: test -z "$ac_c_werror_flag" || test ! -s conftest.err
configure:5731: $? = 0
configure:5738: test -s conftest.o
configure:5741: $? = 0
configure:5754: result: yes
configure:5694: checking for unistd.h
configure:5715: g++ -c -g -O2  conftest.cpp >&5
configure:5721: $? = 0
configure:5728: test -z "$ac_c_werror_flag" || test ! -s conftest.err
configure:5731: $? = 0
configure:5738: test -s conftest.o
configure:5741: $? = 0
configure:5754: result: yes
configure:5781: checking dlfcn.h usability
configure:5798: g++ -c -g -O2  conftest.cpp >&5
configure:5804: $? = 0
configure:5811: test -z "$ac_c_werror_flag" || test ! -s conftest.err
configure:5814: $? = 0
configure:5821: test -s conftest.o
configure:5824: $? = 0
configure:5835: result: yes
configure:5839: checking dlfcn.h presence
configure:5854:   conftest.cpp
./configure: line 5855: conftest.cpp: command not found
configure:5860: $? = 127
configure: failed program was:
| /* confdefs.h.  */
| #define PACKAGE_NAME "ply"
| #define PACKAGE_TARNAME "ply"
| #define PACKAGE_VERSION "0.1"
| #define PACKAGE_STRING "ply 0.1"
| #define PACKAGE_BUGREPORT "ares.lagae@cs.kuleuven.be"
| #define PACKAGE_AUTHOR "Ares Lagae"
| #define PACKAGE "ply"
| #define VERSION "0.1"
| #define HAVE_SYS_TYPES_H 1
| #define HAVE_SYS_STAT_H 1
| #define HAVE_STDLIB_H 1
| #define HAVE_STRING_H 1
| #define HAVE_MEMORY_H 1
| #define HAVE_STRINGS_H 1
| #define HAVE_INTTYPES_H 1
| #define HAVE_STDINT_H 1
| #define HAVE_UNISTD_H 1
| /* end confdefs.h.  */
| #include <dlfcn.h>
configure:5881: result: no
configure:5887: WARNING: dlfcn.h: accepted by the compiler, rejected by the preprocessor!
configure:5889: WARNING: dlfcn.h: proceeding with the compiler's result
configure:5914: checking for dlfcn.h
configure:5922: result: yes
configure:5945: checking how to run the C++ preprocessor
configure:5981: g++ -E  conftest.cpp
configure:5987: $? = 0
configure:6025: g++ -E  conftest.cpp
conftest.cpp:21:28: fatal error: ac_nonexistent.h: No such file or directory
compilation terminated.
configure:6031: $? = 1
configure: failed program was:
| /* confdefs.h.  */
| #define PACKAGE_NAME "ply"
| #define PACKAGE_TARNAME "ply"
| #define PACKAGE_VERSION "0.1"
| #define PACKAGE_STRING "ply 0.1"
| #define PACKAGE_BUGREPORT "ares.lagae@cs.kuleuven.be"
| #define PACKAGE_AUTHOR "Ares Lagae"
| #define PACKAGE "ply"
| #define VERSION "0.1"
| #define HAVE_SYS_TYPES_H 1
| #define HAVE_SYS_STAT_H 1
| #define HAVE_STDLIB_H 1
| #define HAVE_STRING_H 1
| #define HAVE_MEMORY_H 1
| #define HAVE_STRINGS_H 1
| #define HAVE_INTTYPES_H 1
| #define HAVE_STDINT_H 1
| #define HAVE_UNISTD_H 1
| #define HAVE_DLFCN_H 1
| /* end confdefs.h.  */
| #include <ac_nonexistent.h>
configure:6071: result: g++ -E
configure:6100: g++ -E  conftest.cpp
configure:6106: $? = 0
configure:6144: g++ -E  conftest.cpp
conftest.cpp:21:28: fatal error: ac_nonexistent.h: No such file or directory
compilation terminated.
configure:6150: $? = 1
configure: failed program was:
| /* confdefs.h.  */
| #define PACKAGE_NAME "ply"
| #define PACKAGE_TARNAME "ply"
| #define PACKAGE_VERSION "0.1"
| #define PACKAGE_STRING "ply 0.1"
| #define PACKAGE_BUGREPORT "ares.lagae@cs.kuleuven.be"
| #define PACKAGE_AUTHOR "Ares Lagae"
| #define PACKAGE "ply"
| #define VERSION "0.1"
| #define HAVE_SYS_TYPES_H 1
| #define HAVE_SYS_STAT_H 1
| #define HAVE_STDLIB_H 1
| #define HAVE_STRING_H 1
| #define HAVE_MEMORY_H 1
| #define HAVE_STRINGS_H 1
| #define HAVE_INTTYPES_H 1
| #define HAVE_STDINT_H 1
| #define HAVE_UNISTD_H 1
| #define HAVE_DLFCN_H 1
| /* end confdefs.h.  */
| #include <ac_nonexistent.h>
configure:6250: checking for g77
configure:6280: result: no
configure:6250: checking for f77
configure:6280: result: no
configure:6250: checking for xlf
configure:6280: result: no
configure:6250: checking for frt
configure:6280: result: no
configure:6250: checking for pgf77
configure:6280: result: no
configure:6250: checking for cf77
configure:6280: result: no
configure:6250: checking for fort77
configure:6280: result: no
configure:6250: checking for fl32
configure:6280: result: no
configure:6250: checking for af77
configure:6280: result: no
configure:6250: checking for f90
configure:6280: result: no
configure:6250: checking for xlf90
configure:6280: result: no
configure:6250: checking for pgf90
configure:6280: result: no
configure:6250: checking for pghpf
configure:6280: result: no
configure:6250: checking for epcf90
configure:6280: result: no
configure:6250: checking for gfortran
configure:6280: result: no
configure:6250: checking for g95
configure:6280: result: no
configure:6250: checking for f95
configure:6280: result: no
configure:6250: checking for fort
configure:6280: result: no
configure:6250: checking for xlf95
configure:6280: result: no
configure:6250: checking for ifort
configure:6280: result: no
configure:6250: checking for ifc
configure:6280: result: no
configure:6250: checking for efc
configure:6280: result: no
configure:6250: checking for pgf95
configure:6280: result: no
configure:6250: checking for lf95
configure:6280: result: no
configure:6250: checking for ftn
configure:6280: result: no
configure:6307: checking for Fortran 77 compiler version
configure:6314:  --version >&5
./configure: line 6315: --version: command not found
configure:6317: $? = 127
configure:6324:  -v >&5
./configure: line 6325: -v: command not found
configure:6327: $? = 127
configure:6334:  -V >&5
./configure: line 6335: -V: command not found
configure:6337: $? = 127
configure:6345: checking whether we are using the GNU Fortran 77 compiler
configure:6364:  -c  conftest.F >&5
./configure: line 6365: -c: command not found
configure:6370: $? = 127
configure: failed program was:
|       program main
| #ifndef __GNUC__
|        choke me
| #endif
| 
|       end
configure:6404: result: no
configure:6410: checking whether  accepts -g
configure:6427:  -c -g conftest.f >&5
./configure: line 6428: -c: command not found
configure:6433: $? = 127
configure: failed program was:
|       program main
| 
|       end
configure:6466: result: no
configure:6496: checking the maximum length of command line arguments
configure:6605: result: 32768
configure:6616: checking command to parse /usr/bin/nm -B output from gcc object
configure:6721: g++ -c -g -O2  conftest.cpp >&5
configure:6724: $? = 0
configure:6728: /usr/bin/nm -B conftest.o \| sed -n -e 's/^.*[ 	]\([ABCDGIRSTW][ABCDGIRSTW]*\)[ 	][ 	]*\([_A-Za-z][_A-Za-z0-9]*\)$/\1 \2 \2/p' \> conftest.nm
configure:6731: $? = 0
configure:6783: g++ -o conftest -g -O2   conftest.cpp conftstm.o >&5
configure:6786: $? = 0
configure:6824: result: ok
configure:6828: checking for objdir
configure:6843: result: .libs
configure:6935: checking for ar
configure:6951: found /usr/bin/ar
configure:6962: result: ar
configure:7031: checking for ranlib
configure:7047: found /usr/bin/ranlib
configure:7058: result: ranlib
configure:7127: checking for strip
configure:7143: found /usr/bin/strip
configure:7154: result: strip
configure:7440: checking if gcc supports -fno-rtti -fno-exceptions
configure:7458: gcc -c -g -O2  -fno-rtti -fno-exceptions conftest.c >&5
cc1: warning: command line option '-fno-rtti' is valid for C++/ObjC++ but not for C [enabled by default]
configure:7462: $? = 0
configure:7475: result: no
configure:7490: checking for gcc option to produce PIC
configure:7700: result: -fPIC
configure:7708: checking if gcc PIC flag -fPIC works
configure:7726: gcc -c -g -O2  -fPIC -DPIC conftest.c >&5
configure:7730: $? = 0
configure:7743: result: yes
configure:7771: checking if gcc static flag -static works
configure:7799: result: yes
configure:7809: checking if gcc supports -c -o file.o
configure:7830: gcc -c -g -O2  -o out/conftest2.o conftest.c >&5
configure:7834: $? = 0
configure:7856: result: yes
configure:7882: checking whether the gcc linker (/usr/bin/ld -m elf_x86_64) supports shared libraries
configure:8868: result: yes
configure:8889: checking whether -lc should be explicitly linked in
configure:8894: gcc -c -g -O2  conftest.c >&5
configure:8897: $? = 0
configure:8912: gcc -shared conftest.o  -v -Wl,-soname -Wl,conftest -o conftest 2\>\&1 \| grep  -lc  \>/dev/null 2\>\&1
configure:8915: $? = 0
configure:8927: result: no
configure:8935: checking dynamic linker characteristics
configure:9523: result: GNU/Linux ld.so
configure:9532: checking how to hardcode library paths into programs
configure:9557: result: immediate
configure:9571: checking whether stripping libraries is possible
configure:9576: result: yes
configure:10489: checking if libtool supports shared libraries
configure:10491: result: yes
configure:10494: checking whether to build shared libraries
configure:10515: result: yes
configure:10518: checking whether to build static libraries
configure:10522: result: yes
configure:10614: creating libtool
configure:11202: checking for ld used by g++
configure:11269: result: /usr/bin/ld -m elf_x86_64
configure:11278: checking if the linker (/usr/bin/ld -m elf_x86_64) is GNU ld
configure:11293: result: yes
configure:11344: checking whether the g++ linker (/usr/bin/ld -m elf_x86_64) supports shared libraries
configure:12310: result: yes
configure:12328: g++ -c -g -O2  conftest.cpp >&5
configure:12331: $? = 0
configure:12450: checking for g++ option to produce PIC
configure:12724: result: -fPIC
configure:12732: checking if g++ PIC flag -fPIC works
configure:12750: g++ -c -g -O2  -fPIC -DPIC conftest.cpp >&5
configure:12754: $? = 0
configure:12767: result: yes
configure:12795: checking if g++ static flag -static works
configure:12823: result: yes
configure:12833: checking if g++ supports -c -o file.o
configure:12854: g++ -c -g -O2  -o out/conftest2.o conftest.cpp >&5
configure:12858: $? = 0
configure:12880: result: yes
configure:12906: checking whether the g++ linker (/usr/bin/ld -m elf_x86_64) supports shared libraries
configure:12931: result: yes
configure:12998: checking dynamic linker characteristics
configure:13586: result: GNU/Linux ld.so
configure:13595: checking how to hardcode library paths into programs
configure:13620: result: immediate
configure:19824: checking whether ln -s works
configure:19828: result: yes
configure:19835: checking whether make sets $(MAKE)
configure:19856: result: yes
configure:19908: checking for ranlib
configure:19935: result: ranlib
configure:19994: checking for boostlib >= 1.33
configure:20054: g++ -c -g -O2  -I/usr/include conftest.cpp >&5
configure:20060: $? = 0
configure:20067: test -z "$ac_cxx_werror_flag" || test ! -s conftest.err
configure:20070: $? = 0
configure:20077: test -s conftest.o
configure:20080: $? = 0
configure:20083: result: yes
configure:20284: checking tr1/cstdint usability
configure:20301: g++ -c -g -O2  conftest.cpp >&5
configure:20307: $? = 0
configure:20314: test -z "$ac_cxx_werror_flag" || test ! -s conftest.err
configure:20317: $? = 0
configure:20324: test -s conftest.o
configure:20327: $? = 0
configure:20338: result: yes
configure:20342: checking tr1/cstdint presence
configure:20357: g++ -E  conftest.cpp
configure:20363: $? = 0
configure:20384: result: yes
configure:20417: checking for tr1/cstdint
configure:20424: result: yes
configure:20451: checking tr1/functional usability
configure:20468: g++ -c -g -O2  conftest.cpp >&5
configure:20474: $? = 0
configure:20481: test -z "$ac_cxx_werror_flag" || test ! -s conftest.err
configure:20484: $? = 0
configure:20491: test -s conftest.o
configure:20494: $? = 0
configure:20505: result: yes
configure:20509: checking tr1/functional presence
configure:20524: g++ -E  conftest.cpp
configure:20530: $? = 0
configure:20551: result: yes
configure:20584: checking for tr1/functional
configure:20591: result: yes
configure:20618: checking tr1/memory usability
configure:20635: g++ -c -g -O2  conftest.cpp >&5
configure:20641: $? = 0
configure:20648: test -z "$ac_cxx_werror_flag" || test ! -s conftest.err
configure:20651: $? = 0
configure:20658: test -s conftest.o
configure:20661: $? = 0
configure:20672: result: yes
configure:20676: checking tr1/memory presence
configure:20691: g++ -E  conftest.cpp
configure:20697: $? = 0
configure:20718: result: yes
configure:20751: checking for tr1/memory
configure:20758: result: yes
configure:20785: checking tr1/tuple usability
configure:20802: g++ -c -g -O2  conftest.cpp >&5
configure:20808: $? = 0
configure:20815: test -z "$ac_cxx_werror_flag" || test ! -s conftest.err
configure:20818: $? = 0
configure:20825: test -s conftest.o
configure:20828: $? = 0
configure:20839: result: yes
configure:20843: checking tr1/tuple presence
configure:20858: g++ -E  conftest.cpp
configure:20864: $? = 0
configure:20885: result: yes
configure:20918: checking for tr1/tuple
configure:20925: result: yes
configure:20944: checking for stdbool.h that conforms to C99
configure:21037: g++ -c -g -O2  conftest.cpp >&5
configure:21043: $? = 0
configure:21050: test -z "$ac_cxx_werror_flag" || test ! -s conftest.err
configure:21053: $? = 0
configure:21060: test -s conftest.o
configure:21063: $? = 0
configure:21075: result: yes
configure:21077: checking for _Bool
configure:21107: g++ -c -g -O2  conftest.cpp >&5
conftest.cpp:59:9: error: '_Bool' does not name a type
conftest.cpp: In function 'int main()':
conftest.cpp:63:6: error: 'ac__type_new_' was not declared in this scope
conftest.cpp:63:21: error: expected primary-expression before ')' token
conftest.cpp:63:23: error: expected ')' before numeric constant
conftest.cpp:65:13: error: 'ac__type_new_' was not declared in this scope
configure:21113: $? = 1
configure: failed program was:
| /* confdefs.h.  */
| #define PACKAGE_NAME "ply"
| #define PACKAGE_TARNAME "ply"
| #define PACKAGE_VERSION "0.1"
| #define PACKAGE_STRING "ply 0.1"
| #define PACKAGE_BUGREPORT "ares.lagae@cs.kuleuven.be"
| #define PACKAGE_AUTHOR "Ares Lagae"
| #define PACKAGE "ply"
| #define VERSION "0.1"
| #define HAVE_SYS_TYPES_H 1
| #define HAVE_SYS_STAT_H 1
| #define HAVE_STDLIB_H 1
| #define HAVE_STRING_H 1
| #define HAVE_MEMORY_H 1
| #define HAVE_STRINGS_H 1
| #define HAVE_INTTYPES_H 1
| #define HAVE_STDINT_H 1
| #define HAVE_UNISTD_H 1
| #define HAVE_DLFCN_H 1
| #define HAVE_BOOST
| #define HAVE_TR1_CSTDINT 1
| #define HAVE_TR1_FUNCTIONAL 1
| #define HAVE_TR1_memory 1
| #define HAVE_TR1_TUPLE 1
| /* end confdefs.h.  */
| #include <stdio.h>
| #if HAVE_SYS_TYPES_H
| # include <sys/types.h>
| #endif
| #if HAVE_SYS_STAT_H
| # include <sys/stat.h>
| #endif
| #if STDC_HEADERS
| # include <stdlib.h>
| # include <stddef.h>
| #else
| # if HAVE_STDLIB_H
| #  include <stdlib.h>
| # endif
| #endif
| #if HAVE_STRING_H
| # if !STDC_HEADERS && HAVE_MEMORY_H
| #  include <memory.h>
| # endif
| # include <string.h>
| #endif
| #if HAVE_STRINGS_H
| # include <strings.h>
| #endif
| #if HAVE_INTTYPES_H
| # include <inttypes.h>
| #endif
| #if HAVE_STDINT_H
| # include <stdint.h>
| #endif
| #if HAVE_UNISTD_H
| # include <unistd.h>
| #endif
| typedef _Bool ac__type_new_;
| int
| main ()
| {
| if ((ac__type_new_ *) 0)
|   return 0;
| if (sizeof (ac__type_new_))
|   return 0;
|   ;
|   return 0;
| }
configure:21145: result: no
configure:21164: checking for an ANSI C-conforming const
configure:21239: g++ -c -g -O2  conftest.cpp >&5
configure:21245: $? = 0
configure:21252: test -z "$ac_cxx_werror_flag" || test ! -s conftest.err
configure:21255: $? = 0
configure:21262: test -s conftest.o
configure:21265: $? = 0
configure:21277: result: yes
configure:21287: checking for size_t
configure:21317: g++ -c -g -O2  conftest.cpp >&5
configure:21323: $? = 0
configure:21330: test -z "$ac_cxx_werror_flag" || test ! -s conftest.err
configure:21333: $? = 0
configure:21340: test -s conftest.o
configure:21343: $? = 0
configure:21355: result: yes
configure:21369: checking for error_at_line
configure:21395: g++ -o conftest -g -O2   conftest.cpp  >&5
conftest.cpp: In function 'int main()':
conftest.cpp:63:31: error: 'error_at_line' was not declared in this scope
configure:21401: $? = 1
configure: failed program was:
| /* confdefs.h.  */
| #define PACKAGE_NAME "ply"
| #define PACKAGE_TARNAME "ply"
| #define PACKAGE_VERSION "0.1"
| #define PACKAGE_STRING "ply 0.1"
| #define PACKAGE_BUGREPORT "ares.lagae@cs.kuleuven.be"
| #define PACKAGE_AUTHOR "Ares Lagae"
| #define PACKAGE "ply"
| #define VERSION "0.1"
| #define HAVE_SYS_TYPES_H 1
| #define HAVE_SYS_STAT_H 1
| #define HAVE_STDLIB_H 1
| #define HAVE_STRING_H 1
| #define HAVE_MEMORY_H 1
| #define HAVE_STRINGS_H 1
| #define HAVE_INTTYPES_H 1
| #define HAVE_STDINT_H 1
| #define HAVE_UNISTD_H 1
| #define HAVE_DLFCN_H 1
| #define HAVE_BOOST
| #define HAVE_TR1_CSTDINT 1
| #define HAVE_TR1_FUNCTIONAL 1
| #define HAVE_TR1_memory 1
| #define HAVE_TR1_TUPLE 1
| #define HAVE_STDBOOL_H 1
| /* end confdefs.h.  */
| #include <stdio.h>
| #if HAVE_SYS_TYPES_H
| # include <sys/types.h>
| #endif
| #if HAVE_SYS_STAT_H
| # include <sys/stat.h>
| #endif
| #if STDC_HEADERS
| # include <stdlib.h>
| # include <stddef.h>
| #else
| # if HAVE_STDLIB_H
| #  include <stdlib.h>
| # endif
| #endif
| #if HAVE_STRING_H
| # if !STDC_HEADERS && HAVE_MEMORY_H
| #  include <memory.h>
| # endif
| # include <string.h>
| #endif
| #if HAVE_STRINGS_H
| # include <strings.h>
| #endif
| #if HAVE_INTTYPES_H
| # include <inttypes.h>
| #endif
| #if HAVE_STDINT_H
| # include <stdint.h>
| #endif
| #if HAVE_UNISTD_H
| # include <unistd.h>
| #endif
| int
| main ()
| {
| error_at_line (0, 0, "", 0, "");
|   ;
|   return 0;
| }
configure:21434: result: no
configure:21569: creating ./config.status

## ---------------------- ##
## Running config.status. ##
## ---------------------- ##

This file was extended by ply config.status 0.1, which was
generated by GNU Autoconf 2.60.  Invocation command line was

  CONFIG_FILES    = 
  CONFIG_HEADERS  = 
  CONFIG_LINKS    = 
  CONFIG_COMMANDS = 
  $ ./config.status 

on ekin-Ubuntu

config.status:655: creating Makefile
config.status:655: creating ply/Makefile
config.status:655: creating tools/Makefile
config.status:655: creating doc/Makefile
config.status:655: creating doc/Doxyfile
config.status:655: creating ply.pc
config.status:655: creating config.h
config.status:882: config.h is unchanged
config.status:928: executing ply/config.hpp commands
config.status:968: creating ply/config.hpp - prefix PLY for config.h defines
config.status:990: ply/config.hpp is unchanged
config.status:928: executing depfiles commands

## ---------------- ##
## Cache variables. ##
## ---------------- ##

ac_cv_build=x86_64-unknown-linux-gnu
ac_cv_c_compiler_gnu=yes
ac_cv_c_const=yes
ac_cv_cxx_compiler_gnu=yes
ac_cv_env_CCC_set=
ac_cv_env_CCC_value=
ac_cv_env_CC_set=
ac_cv_env_CC_value=
ac_cv_env_CFLAGS_set=
ac_cv_env_CFLAGS_value=
ac_cv_env_CPPFLAGS_set=
ac_cv_env_CPPFLAGS_value=
ac_cv_env_CPP_set=
ac_cv_env_CPP_value=
ac_cv_env_CXXCPP_set=
ac_cv_env_CXXCPP_value=
ac_cv_env_CXXFLAGS_set=
ac_cv_env_CXXFLAGS_value=
ac_cv_env_CXX_set=
ac_cv_env_CXX_value=
ac_cv_env_F77_set=
ac_cv_env_F77_value=
ac_cv_env_FFLAGS_set=
ac_cv_env_FFLAGS_value=
ac_cv_env_LDFLAGS_set=
ac_cv_env_LDFLAGS_value=
ac_cv_env_build_alias_set=
ac_cv_env_build_alias_value=
ac_cv_env_host_alias_set=
ac_cv_env_host_alias_value=
ac_cv_env_target_alias_set=
ac_cv_env_target_alias_value=
ac_cv_f77_compiler_gnu=no
ac_cv_header_dlfcn_h=yes
ac_cv_header_inttypes_h=yes
ac_cv_header_memory_h=yes
ac_cv_header_stdbool_h=yes
ac_cv_header_stdc=no
ac_cv_header_stdint_h=yes
ac_cv_header_stdlib_h=yes
ac_cv_header_string_h=yes
ac_cv_header_strings_h=yes
ac_cv_header_sys_stat_h=yes
ac_cv_header_sys_types_h=yes
ac_cv_header_tr1_cstdint=yes
ac_cv_header_tr1_functional=yes
ac_cv_header_tr1_memory=yes
ac_cv_header_tr1_tuple=yes
ac_cv_header_unistd_h=yes
ac_cv_host=x86_64-unknown-linux-gnu
ac_cv_lib_error_at_line=no
ac_cv_objext=o
ac_cv_path_EGREP='/bin/grep -E'
ac_cv_path_GREP=/bin/grep
ac_cv_path_install='/usr/bin/install -c'
ac_cv_prog_AWK=mawk
ac_cv_prog_CPP='gcc -E'
ac_cv_prog_CXXCPP='g++ -E'
ac_cv_prog_ac_ct_AR=ar
ac_cv_prog_ac_ct_CC=gcc
ac_cv_prog_ac_ct_CXX=g++
ac_cv_prog_ac_ct_RANLIB=ranlib
ac_cv_prog_ac_ct_STRIP=strip
ac_cv_prog_cc_c89=
ac_cv_prog_cc_g=yes
ac_cv_prog_cxx_g=yes
ac_cv_prog_f77_g=no
ac_cv_prog_make_make_set=yes
ac_cv_type__Bool=no
ac_cv_type_size_t=yes
am_cv_CC_dependencies_compiler_type=gcc3
am_cv_CXX_dependencies_compiler_type=gcc3
lt_cv_deplibs_check_method=pass_all
lt_cv_file_magic_cmd='$MAGIC_CMD'
lt_cv_file_magic_test_file=
lt_cv_ld_reload_flag=-r
lt_cv_objdir=.libs
lt_cv_path_LD=/usr/bin/ld
lt_cv_path_LDCXX='/usr/bin/ld -m elf_x86_64'
lt_cv_path_NM='/usr/bin/nm -B'
lt_cv_path_SED=/bin/sed
lt_cv_prog_compiler_c_o=yes
lt_cv_prog_compiler_c_o_CXX=yes
lt_cv_prog_compiler_rtti_exceptions=no
lt_cv_prog_gnu_ld=yes
lt_cv_prog_gnu_ldcxx=yes
lt_cv_sys_global_symbol_pipe='sed -n -e '\''s/^.*[ 	]\([ABCDGIRSTW][ABCDGIRSTW]*\)[ 	][ 	]*\([_A-Za-z][_A-Za-z0-9]*\)$/\1 \2 \2/p'\'''
lt_cv_sys_global_symbol_to_c_name_address='sed -n -e '\''s/^: \([^ ]*\) $/  {\"\1\", (lt_ptr) 0},/p'\'' -e '\''s/^[BCDEGRST] \([^ ]*\) \([^ ]*\)$/  {"\2", (lt_ptr) \&\2},/p'\'''
lt_cv_sys_global_symbol_to_cdecl='sed -n -e '\''s/^. .* \(.*\)$/extern int \1;/p'\'''
lt_cv_sys_max_cmd_len=32768
lt_lt_cv_prog_compiler_c_o='"yes"'
lt_lt_cv_prog_compiler_c_o_CXX='"yes"'
lt_lt_cv_sys_global_symbol_pipe='"sed -n -e '\''s/^.*[ 	]\\([ABCDGIRSTW][ABCDGIRSTW]*\\)[ 	][ 	]*\\([_A-Za-z][_A-Za-z0-9]*\\)\$/\\1 \\2 \\2/p'\''"'
lt_lt_cv_sys_global_symbol_to_c_name_address='"sed -n -e '\''s/^: \\([^ ]*\\) \$/  {\\\"\\1\\\", (lt_ptr) 0},/p'\'' -e '\''s/^[BCDEGRST] \\([^ ]*\\) \\([^ ]*\\)\$/  {\"\\2\", (lt_ptr) \\&\\2},/p'\''"'
lt_lt_cv_sys_global_symbol_to_cdecl='"sed -n -e '\''s/^. .* \\(.*\\)\$/extern int \\1;/p'\''"'

## ----------------- ##
## Output variables. ##
## ----------------- ##

ACLOCAL='${SHELL} /home/ekin/Dropbox/Asistanlık/Hw2/ply-0.1/config/missing --run aclocal-1.9'
AMDEPBACKSLASH='\'
AMDEP_FALSE='#'
AMDEP_TRUE=''
AMTAR='${SHELL} /home/ekin/Dropbox/Asistanlık/Hw2/ply-0.1/config/missing --run tar'
AR='ar'
AUTOCONF='${SHELL} /home/ekin/Dropbox/Asistanlık/Hw2/ply-0.1/config/missing --run autoconf'
AUTOHEADER='${SHELL} /home/ekin/Dropbox/Asistanlık/Hw2/ply-0.1/config/missing --run autoheader'
AUTOMAKE='${SHELL} /home/ekin/Dropbox/Asistanlık/Hw2/ply-0.1/config/missing --run automake-1.9'
AWK='mawk'
BOOST_CPPFLAGS='-I/usr/include'
BOOST_LDFLAGS='-L/usr/lib'
CC='gcc'
CCDEPMODE='depmode=gcc3'
CFLAGS='-g -O2'
CPP='gcc -E'
CPPFLAGS=''
CXX='g++'
CXXCPP='g++ -E'
CXXDEPMODE='depmode=gcc3'
CXXFLAGS='-g -O2'
CYGPATH_W='echo'
DEFS='-DHAVE_CONFIG_H'
DEPDIR='.deps'
ECHO='echo'
ECHO_C=''
ECHO_N='-n'
ECHO_T=''
EGREP='/bin/grep -E'
EXEEXT=''
F77=''
FFLAGS=''
GREP='/bin/grep'
INSTALL_DATA='${INSTALL} -m 644'
INSTALL_PROGRAM='${INSTALL}'
INSTALL_SCRIPT='${INSTALL}'
INSTALL_STRIP_PROGRAM='${SHELL} $(install_sh) -c -s'
LDFLAGS=''
LIBOBJS=' ${LIBOBJDIR}error$U.o'
LIBS=''
LIBTOOL='$(SHELL) $(top_builddir)/libtool'
LN_S='ln -s'
LTLIBOBJS=' ${LIBOBJDIR}error$U.lo'
MAKEINFO='${SHELL} /home/ekin/Dropbox/Asistanlık/Hw2/ply-0.1/config/missing --run makeinfo'
OBJEXT='o'
PACKAGE='ply'
PACKAGE_BUGREPORT='ares.lagae@cs.kuleuven.be'
PACKAGE_NAME='ply'
PACKAGE_STRING='ply 0.1'
PACKAGE_TARNAME='ply'
PACKAGE_VERSION='0.1'
PATH_SEPARATOR=':'
RANLIB='ranlib'
SET_MAKE=''
SHELL='/bin/bash'
STRIP='strip'
VERSION='0.1'
ac_ct_CC='gcc'
ac_ct_CXX='g++'
ac_ct_F77=''
am__fastdepCC_FALSE='#'
am__fastdepCC_TRUE=''
am__fastdepCXX_FALSE='#'
am__fastdepCXX_TRUE=''
am__include='include'
am__leading_dot='.'
am__quote=''
am__tar='${AMTAR} chof - "$$tardir"'
am__untar='${AMTAR} xf -'
bindir='${exec_prefix}/bin'
build='x86_64-unknown-linux-gnu'
build_alias=''
build_cpu='x86_64'
build_os='linux-gnu'
build_vendor='unknown'
datadir='${datarootdir}'
datarootdir='${prefix}/share'
docdir='${datarootdir}/doc/${PACKAGE_TARNAME}'
dvidir='${docdir}'
exec_prefix='${prefix}'
host='x86_64-unknown-linux-gnu'
host_alias=''
host_cpu='x86_64'
host_os='linux-gnu'
host_vendor='unknown'
htmldir='${docdir}'
includedir='${prefix}/include'
infodir='${datarootdir}/info'
install_sh='/home/ekin/Dropbox/Asistanlık/Hw2/ply-0.1/config/install-sh'
libdir='${exec_prefix}/lib'
libexecdir='${exec_prefix}/libexec'
localedir='${datarootdir}/locale'
localstatedir='${prefix}/var'
mandir='${datarootdir}/man'
mkdir_p='mkdir -p --'
oldincludedir='/usr/include'
pdfdir='${docdir}'
prefix='/usr/local'
program_transform_name='s,x,x,'
psdir='${docdir}'
sbindir='${exec_prefix}/sbin'
sharedstatedir='${prefix}/com'
sysconfdir='${prefix}/etc'
target_alias=''

## ----------- ##
## confdefs.h. ##
## ----------- ##

#define PACKAGE_NAME "ply"
#define PACKAGE_TARNAME "ply"
#define PACKAGE_VERSION "0.1"
#define PACKAGE_STRING "ply 0.1"
#define PACKAGE_BUGREPORT "ares.lagae@cs.kuleuven.be"
#define PACKAGE_AUTHOR "Ares Lagae"
#define PACKAGE "ply"
#define VERSION "0.1"
#define HAVE_SYS_TYPES_H 1
#define HAVE_SYS_STAT_H 1
#define HAVE_STDLIB_H 1
#define HAVE_STRING_H 1
#define HAVE_MEMORY_H 1
#define HAVE_STRINGS_H 1
#define HAVE_INTTYPES_H 1
#define HAVE_STDINT_H 1
#define HAVE_UNISTD_H 1
#define HAVE_DLFCN_H 1
#define HAVE_BOOST
#define HAVE_TR1_CSTDINT 1
#define HAVE_TR1_FUNCTIONAL 1
#define HAVE_TR1_memory 1
#define HAVE_TR1_TUPLE 1
#define HAVE_STDBOOL_H 1

configure: exit 0
